<?xml version="1.0" encoding="UTF-8"?>
<!-- Generated by org.testng.reporters.JUnitReportReporter -->
<testsuite skipped="0" hostname="PCDEFRAPC0MAB1H" name="ebot.automation.AddGideonQuotesTest" tests="1" failures="0" timestamp="2020-11-22T09:28:17 MEZ" time="19.404" errors="0">
  <testcase name="addGideonQuotes" time="19.404" classname="ebot.automation.AddGideonQuotesTest"/>
  <system-out/>
</testsuite> <!-- ebot.automation.AddGideonQuotesTest -->
