<?xml version="1.0" encoding="UTF-8"?>
<!-- Generated by org.testng.reporters.JUnitReportReporter -->
<testsuite skipped="0" hostname="PCDEFRAPC0MAB1H" name="ebot.automation.AddDuplicateQuoteTest" tests="1" failures="0" timestamp="2020-11-22T09:28:17 MEZ" time="7.550" errors="0">
  <testcase name="addDuplicateQuote" time="7.550" classname="ebot.automation.AddDuplicateQuoteTest"/>
  <system-out/>
</testsuite> <!-- ebot.automation.AddDuplicateQuoteTest -->
